2019-12-20 22:29:37,585 CRIT Supervisor is running as root.  Privileges were not dropped because no user is specified in the config file.  If you intend to run as root, you can set user=root in the config file to avoid this message.
2019-12-20 22:29:37,586 WARN No file matches via include "/Users/christianpuga/Desktop/student-corner/apps/*/build/supervisor/*.ini"
2019-12-20 22:29:37,597 INFO RPC interface 'supervisor' initialized
2019-12-20 22:29:37,598 INFO RPC interface 'supervisor' initialized
2019-12-20 22:29:37,599 CRIT Server 'unix_http_server' running without any HTTP authentication checking
2019-12-20 22:29:37,600 INFO daemonizing the supervisord process
2019-12-20 22:32:27,105 CRIT Supervisor is running as root.  Privileges were not dropped because no user is specified in the config file.  If you intend to run as root, you can set user=root in the config file to avoid this message.
2019-12-20 22:32:27,106 WARN No file matches via include "/Users/christianpuga/Desktop/student-corner/apps/*/build/supervisor/*.ini"
2019-12-20 22:32:27,113 INFO RPC interface 'supervisor' initialized
2019-12-20 22:32:27,416 INFO RPC interface 'supervisor' initialized
2019-12-20 22:32:27,417 CRIT Server 'unix_http_server' running without any HTTP authentication checking
2019-12-20 22:32:27,420 INFO daemonizing the supervisord process
2019-12-20 22:32:56,019 CRIT Supervisor is running as root.  Privileges were not dropped because no user is specified in the config file.  If you intend to run as root, you can set user=root in the config file to avoid this message.
2019-12-20 22:32:56,020 WARN No file matches via include "/Users/christianpuga/Desktop/student-corner/apps/*/build/supervisor/*.ini"
2019-12-20 22:32:56,026 INFO RPC interface 'supervisor' initialized
2019-12-20 22:32:56,027 INFO RPC interface 'supervisor' initialized
2019-12-20 22:32:56,028 CRIT Server 'unix_http_server' running without any HTTP authentication checking
2019-12-20 22:32:56,029 INFO daemonizing the supervisord process
2019-12-20 22:33:52,227 CRIT Supervisor is running as root.  Privileges were not dropped because no user is specified in the config file.  If you intend to run as root, you can set user=root in the config file to avoid this message.
2019-12-20 22:33:52,228 WARN No file matches via include "/Users/christianpuga/Desktop/student-corner/apps/*/build/supervisor/*.ini"
2019-12-20 22:33:52,234 INFO RPC interface 'supervisor' initialized
2019-12-20 22:33:52,539 INFO RPC interface 'supervisor' initialized
2019-12-20 22:33:52,541 CRIT Server 'unix_http_server' running without any HTTP authentication checking
2019-12-20 22:33:52,544 INFO daemonizing the supervisord process
2019-12-20 22:36:39,861 CRIT Supervisor is running as root.  Privileges were not dropped because no user is specified in the config file.  If you intend to run as root, you can set user=root in the config file to avoid this message.
2019-12-20 22:36:39,862 WARN No file matches via include "/Users/christianpuga/Desktop/student-corner/apps/*/build/supervisor/*.ini"
2019-12-20 22:36:39,869 INFO RPC interface 'supervisor' initialized
2019-12-20 22:36:40,171 INFO RPC interface 'supervisor' initialized
2019-12-20 22:36:40,172 CRIT Server 'unix_http_server' running without any HTTP authentication checking
2019-12-20 22:36:40,173 INFO daemonizing the supervisord process
2019-12-20 22:37:10,147 CRIT Supervisor is running as root.  Privileges were not dropped because no user is specified in the config file.  If you intend to run as root, you can set user=root in the config file to avoid this message.
2019-12-20 22:37:10,148 INFO Included extra file "/app/apps/StudentCornerWeb/build/supervisor/send_email_on_offer_published.ini" during parsing
2019-12-20 22:37:10,155 INFO RPC interface 'supervisor' initialized
2019-12-20 22:37:10,156 INFO RPC interface 'supervisor' initialized
2019-12-20 22:37:10,156 CRIT Server 'unix_http_server' running without any HTTP authentication checking
2019-12-20 22:37:10,157 INFO daemonizing the supervisord process
2019-12-20 22:37:26,563 CRIT Supervisor is running as root.  Privileges were not dropped because no user is specified in the config file.  If you intend to run as root, you can set user=root in the config file to avoid this message.
2019-12-20 22:37:26,563 INFO Included extra file "/app/apps/StudentCornerWeb/build/supervisor/send_email_on_offer_published.ini" during parsing
2019-12-20 22:37:26,571 INFO RPC interface 'supervisor' initialized
2019-12-20 22:37:26,875 INFO RPC interface 'supervisor' initialized
2019-12-20 22:37:26,876 CRIT Server 'unix_http_server' running without any HTTP authentication checking
2019-12-20 22:37:26,878 INFO daemonizing the supervisord process
2019-12-20 22:40:02,636 CRIT Supervisor is running as root.  Privileges were not dropped because no user is specified in the config file.  If you intend to run as root, you can set user=root in the config file to avoid this message.
2019-12-20 22:40:02,636 WARN No file matches via include "/app/apps/*/build/supervisor/*.conf"
2019-12-20 22:40:02,643 INFO RPC interface 'supervisor' initialized
2019-12-20 22:40:02,644 INFO RPC interface 'supervisor' initialized
2019-12-20 22:40:02,644 CRIT Server 'unix_http_server' running without any HTTP authentication checking
2019-12-20 22:40:02,645 INFO daemonizing the supervisord process
2019-12-20 22:40:58,568 CRIT Supervisor is running as root.  Privileges were not dropped because no user is specified in the config file.  If you intend to run as root, you can set user=root in the config file to avoid this message.
2019-12-20 22:40:58,569 WARN No file matches via include "/app/apps/*/build/supervisor/*.conf"
2019-12-20 22:40:58,581 INFO RPC interface 'supervisor' initialized
2019-12-20 22:40:58,886 INFO RPC interface 'supervisor' initialized
2019-12-20 22:40:58,887 CRIT Server 'unix_http_server' running without any HTTP authentication checking
2019-12-20 22:40:58,891 INFO daemonizing the supervisord process
2019-12-20 22:43:51,711 CRIT Supervisor is running as root.  Privileges were not dropped because no user is specified in the config file.  If you intend to run as root, you can set user=root in the config file to avoid this message.
2019-12-20 22:43:51,712 INFO Included extra file "/app/apps/StudentCornerWeb/build/supervisor/send_email_on_offer_published.ini" during parsing
2019-12-20 22:43:51,719 INFO RPC interface 'supervisor' initialized
2019-12-20 22:43:51,720 CRIT Server 'unix_http_server' running without any HTTP authentication checking
2019-12-20 22:43:51,721 INFO daemonizing the supervisord process
2019-12-20 22:44:22,683 CRIT Supervisor is running as root.  Privileges were not dropped because no user is specified in the config file.  If you intend to run as root, you can set user=root in the config file to avoid this message.
2019-12-20 22:44:22,684 INFO Included extra file "/app/apps/StudentCornerWeb/build/supervisor/send_email_on_offer_published.ini" during parsing
2019-12-20 22:44:22,999 INFO RPC interface 'supervisor' initialized
2019-12-20 22:44:23,000 CRIT Server 'unix_http_server' running without any HTTP authentication checking
2019-12-20 22:44:23,001 INFO daemonizing the supervisord process
2019-12-20 22:47:38,428 CRIT Supervisor is running as root.  Privileges were not dropped because no user is specified in the config file.  If you intend to run as root, you can set user=root in the config file to avoid this message.
2019-12-20 22:47:38,428 INFO Included extra file "/app/apps/StudentCornerWeb/build/supervisor/send_email_on_offer_published.ini" during parsing
2019-12-20 22:47:38,436 INFO RPC interface 'supervisor' initialized
2019-12-20 22:47:38,436 INFO RPC interface 'supervisor' initialized
2019-12-20 22:47:38,437 CRIT Server 'unix_http_server' running without any HTTP authentication checking
2019-12-20 22:47:38,438 INFO daemonizing the supervisord process
2019-12-20 22:47:51,863 CRIT Supervisor is running as root.  Privileges were not dropped because no user is specified in the config file.  If you intend to run as root, you can set user=root in the config file to avoid this message.
2019-12-20 22:47:51,864 INFO Included extra file "/app/apps/StudentCornerWeb/build/supervisor/send_email_on_offer_published.ini" during parsing
2019-12-20 22:47:51,871 INFO RPC interface 'supervisor' initialized
2019-12-20 22:47:52,175 INFO RPC interface 'supervisor' initialized
2019-12-20 22:47:52,176 CRIT Server 'unix_http_server' running without any HTTP authentication checking
2019-12-20 22:55:58,187 CRIT Supervisor is running as root.  Privileges were not dropped because no user is specified in the config file.  If you intend to run as root, you can set user=root in the config file to avoid this message.
2019-12-20 22:55:58,188 WARN No file matches via include "/app/apps/*/build/supervisor/*.conf"
2019-12-20 22:55:58,197 INFO RPC interface 'supervisor' initialized
2019-12-20 22:55:58,199 INFO RPC interface 'supervisor' initialized
2019-12-20 22:55:58,199 CRIT Server 'unix_http_server' running without any HTTP authentication checking
2019-12-20 22:55:58,203 INFO supervisord started with pid 1
2019-12-20 22:56:41,004 WARN received SIGQUIT indicating exit request
2019-12-20 22:56:43,350 CRIT Supervisor is running as root.  Privileges were not dropped because no user is specified in the config file.  If you intend to run as root, you can set user=root in the config file to avoid this message.
2019-12-20 22:56:43,350 WARN No file matches via include "/app/apps/*/build/supervisor/*.conf"
2019-12-20 22:56:43,357 INFO RPC interface 'supervisor' initialized
2019-12-20 22:56:43,358 INFO RPC interface 'supervisor' initialized
2019-12-20 22:56:43,359 CRIT Server 'unix_http_server' running without any HTTP authentication checking
2019-12-20 22:56:43,361 INFO supervisord started with pid 1
2019-12-22 11:24:07,496 CRIT Supervisor is running as root.  Privileges were not dropped because no user is specified in the config file.  If you intend to run as root, you can set user=root in the config file to avoid this message.
2019-12-22 11:24:07,497 WARN No file matches via include "/app/apps/*/build/supervisor/*.conf"
2019-12-22 11:24:07,570 INFO RPC interface 'supervisor' initialized
2019-12-22 11:24:07,582 INFO RPC interface 'supervisor' initialized
2019-12-22 11:24:07,583 CRIT Server 'unix_http_server' running without any HTTP authentication checking
2019-12-22 11:24:07,586 INFO supervisord started with pid 1
2019-12-22 11:26:47,045 WARN received SIGQUIT indicating exit request
2019-12-22 11:45:40,991 CRIT Supervisor is running as root.  Privileges were not dropped because no user is specified in the config file.  If you intend to run as root, you can set user=root in the config file to avoid this message.
2019-12-22 11:45:40,992 WARN No file matches via include "/app/apps/*/build/supervisor/*.conf"
2019-12-22 11:45:40,998 INFO RPC interface 'supervisor' initialized
2019-12-22 11:45:40,999 INFO RPC interface 'supervisor' initialized
2019-12-22 11:45:41,000 CRIT Server 'unix_http_server' running without any HTTP authentication checking
2019-12-22 11:45:41,002 INFO supervisord started with pid 1
2019-12-22 11:48:52,035 CRIT Supervisor is running as root.  Privileges were not dropped because no user is specified in the config file.  If you intend to run as root, you can set user=root in the config file to avoid this message.
2019-12-22 11:48:52,035 WARN No file matches via include "/app/apps/*/build/supervisor/*.conf"
2019-12-22 11:48:52,038 INFO RPC interface 'supervisor' initialized
2019-12-22 11:48:52,043 INFO RPC interface 'supervisor' initialized
2019-12-22 11:48:52,043 CRIT Server 'unix_http_server' running without any HTTP authentication checking
2019-12-22 11:48:52,051 INFO supervisord started with pid 1
2019-12-22 11:51:00,952 WARN received SIGQUIT indicating exit request
2019-12-22 11:51:03,818 CRIT Supervisor is running as root.  Privileges were not dropped because no user is specified in the config file.  If you intend to run as root, you can set user=root in the config file to avoid this message.
2019-12-22 11:51:03,818 INFO Included extra file "/app/apps/StudentCornerWeb/build/supervisor/send_email_on_offer_published.ini" during parsing
2019-12-22 11:51:03,833 INFO RPC interface 'supervisor' initialized
2019-12-22 11:51:03,834 INFO RPC interface 'supervisor' initialized
2019-12-22 11:51:03,835 CRIT Server 'unix_http_server' running without any HTTP authentication checking
2019-12-22 11:51:03,837 INFO supervisord started with pid 1
2019-12-22 11:51:04,848 INFO spawned: 'student_corner.send_email_on_offer_published_00' with pid 7
2019-12-22 11:51:05,851 INFO success: student_corner.send_email_on_offer_published_00 entered RUNNING state, process has stayed up for > than 1 seconds (startsecs)
2019-12-22 11:51:20,468 INFO exited: student_corner.send_email_on_offer_published_00 (exit status 1; not expected)
2019-12-22 11:51:21,475 INFO spawned: 'student_corner.send_email_on_offer_published_00' with pid 14
2019-12-22 11:51:22,481 INFO success: student_corner.send_email_on_offer_published_00 entered RUNNING state, process has stayed up for > than 1 seconds (startsecs)
2019-12-22 11:51:23,412 INFO exited: student_corner.send_email_on_offer_published_00 (exit status 1; not expected)
2019-12-22 11:51:24,392 INFO spawned: 'student_corner.send_email_on_offer_published_00' with pid 21
2019-12-22 11:51:25,397 INFO success: student_corner.send_email_on_offer_published_00 entered RUNNING state, process has stayed up for > than 1 seconds (startsecs)
2019-12-22 11:51:26,195 INFO exited: student_corner.send_email_on_offer_published_00 (exit status 1; not expected)
2019-12-22 11:51:27,203 INFO spawned: 'student_corner.send_email_on_offer_published_00' with pid 28
2019-12-22 11:51:28,208 INFO success: student_corner.send_email_on_offer_published_00 entered RUNNING state, process has stayed up for > than 1 seconds (startsecs)
2019-12-22 11:51:28,576 INFO exited: student_corner.send_email_on_offer_published_00 (exit status 1; not expected)
2019-12-22 11:51:29,584 INFO spawned: 'student_corner.send_email_on_offer_published_00' with pid 35
2019-12-22 11:51:30,588 INFO success: student_corner.send_email_on_offer_published_00 entered RUNNING state, process has stayed up for > than 1 seconds (startsecs)
2019-12-22 11:51:30,949 INFO exited: student_corner.send_email_on_offer_published_00 (exit status 1; not expected)
2019-12-22 11:51:31,956 INFO spawned: 'student_corner.send_email_on_offer_published_00' with pid 42
2019-12-22 11:51:32,959 INFO success: student_corner.send_email_on_offer_published_00 entered RUNNING state, process has stayed up for > than 1 seconds (startsecs)
2019-12-22 11:51:33,576 INFO exited: student_corner.send_email_on_offer_published_00 (exit status 1; not expected)
2019-12-22 11:51:34,584 INFO spawned: 'student_corner.send_email_on_offer_published_00' with pid 49
2019-12-22 11:51:35,594 INFO success: student_corner.send_email_on_offer_published_00 entered RUNNING state, process has stayed up for > than 1 seconds (startsecs)
2019-12-22 11:54:54,375 INFO exited: student_corner.send_email_on_offer_published_00 (exit status 1; not expected)
2019-12-22 11:54:55,382 INFO spawned: 'student_corner.send_email_on_offer_published_00' with pid 56
2019-12-22 11:54:56,387 INFO success: student_corner.send_email_on_offer_published_00 entered RUNNING state, process has stayed up for > than 1 seconds (startsecs)
2019-12-22 12:04:32,109 INFO exited: student_corner.send_email_on_offer_published_00 (exit status 0; not expected)
2019-12-22 12:04:33,118 INFO spawned: 'student_corner.send_email_on_offer_published_00' with pid 71
2019-12-22 12:04:34,123 INFO success: student_corner.send_email_on_offer_published_00 entered RUNNING state, process has stayed up for > than 1 seconds (startsecs)
2019-12-22 16:28:57,403 WARN received SIGQUIT indicating exit request
2019-12-22 16:28:57,404 INFO waiting for student_corner.send_email_on_offer_published_00 to die
2019-12-22 16:28:57,406 INFO stopped: student_corner.send_email_on_offer_published_00 (terminated by SIGTERM)
2019-12-23 20:32:15,843 CRIT Supervisor is running as root.  Privileges were not dropped because no user is specified in the config file.  If you intend to run as root, you can set user=root in the config file to avoid this message.
2019-12-23 20:32:15,844 INFO Included extra file "/app/apps/StudentCornerWeb/build/supervisor/send_email_on_offer_published.ini" during parsing
2019-12-23 20:32:15,879 INFO RPC interface 'supervisor' initialized
2019-12-23 20:32:15,884 INFO RPC interface 'supervisor' initialized
2019-12-23 20:32:15,885 CRIT Server 'unix_http_server' running without any HTTP authentication checking
2019-12-23 20:32:15,892 INFO supervisord started with pid 1
2019-12-23 20:32:16,898 INFO spawned: 'student_corner.send_email_on_offer_published_00' with pid 7
2019-12-23 20:32:17,901 INFO success: student_corner.send_email_on_offer_published_00 entered RUNNING state, process has stayed up for > than 1 seconds (startsecs)
2019-12-23 20:32:18,036 INFO exited: student_corner.send_email_on_offer_published_00 (exit status 0; not expected)
2019-12-23 20:32:19,041 INFO spawned: 'student_corner.send_email_on_offer_published_00' with pid 14
2019-12-23 20:32:19,833 INFO exited: student_corner.send_email_on_offer_published_00 (exit status 0; not expected)
2019-12-23 20:32:20,836 INFO spawned: 'student_corner.send_email_on_offer_published_00' with pid 21
2019-12-23 20:32:21,414 INFO exited: student_corner.send_email_on_offer_published_00 (exit status 0; not expected)
2019-12-23 20:32:23,419 INFO spawned: 'student_corner.send_email_on_offer_published_00' with pid 28
2019-12-23 20:32:24,059 INFO exited: student_corner.send_email_on_offer_published_00 (exit status 0; not expected)
2019-12-23 20:32:27,093 INFO spawned: 'student_corner.send_email_on_offer_published_00' with pid 35
2019-12-23 20:32:27,900 INFO exited: student_corner.send_email_on_offer_published_00 (exit status 0; not expected)
2019-12-23 20:32:31,935 INFO spawned: 'student_corner.send_email_on_offer_published_00' with pid 42
2019-12-23 20:32:32,938 INFO success: student_corner.send_email_on_offer_published_00 entered RUNNING state, process has stayed up for > than 1 seconds (startsecs)
2019-12-23 20:32:35,705 INFO exited: student_corner.send_email_on_offer_published_00 (exit status 0; not expected)
2019-12-23 20:32:36,712 INFO spawned: 'student_corner.send_email_on_offer_published_00' with pid 49
2019-12-23 20:32:37,715 INFO success: student_corner.send_email_on_offer_published_00 entered RUNNING state, process has stayed up for > than 1 seconds (startsecs)
2019-12-23 20:32:38,217 INFO exited: student_corner.send_email_on_offer_published_00 (exit status 0; not expected)
2019-12-23 20:32:39,229 INFO spawned: 'student_corner.send_email_on_offer_published_00' with pid 56
2019-12-23 20:32:40,117 INFO exited: student_corner.send_email_on_offer_published_00 (exit status 0; not expected)
2019-12-23 20:32:41,123 INFO spawned: 'student_corner.send_email_on_offer_published_00' with pid 63
2019-12-23 20:32:42,125 INFO success: student_corner.send_email_on_offer_published_00 entered RUNNING state, process has stayed up for > than 1 seconds (startsecs)
2019-12-23 20:32:42,189 INFO exited: student_corner.send_email_on_offer_published_00 (exit status 0; not expected)
2019-12-23 20:32:43,193 INFO spawned: 'student_corner.send_email_on_offer_published_00' with pid 70
2019-12-23 20:32:43,716 INFO exited: student_corner.send_email_on_offer_published_00 (exit status 0; not expected)
2019-12-23 20:32:44,724 INFO spawned: 'student_corner.send_email_on_offer_published_00' with pid 77
2019-12-23 20:32:45,732 INFO success: student_corner.send_email_on_offer_published_00 entered RUNNING state, process has stayed up for > than 1 seconds (startsecs)
2019-12-23 20:32:48,483 INFO exited: student_corner.send_email_on_offer_published_00 (exit status 0; not expected)
2019-12-23 20:32:49,500 INFO spawned: 'student_corner.send_email_on_offer_published_00' with pid 84
2019-12-23 20:32:50,506 INFO success: student_corner.send_email_on_offer_published_00 entered RUNNING state, process has stayed up for > than 1 seconds (startsecs)
2019-12-23 20:32:53,096 INFO exited: student_corner.send_email_on_offer_published_00 (exit status 0; not expected)
2019-12-23 20:32:54,099 INFO spawned: 'student_corner.send_email_on_offer_published_00' with pid 91
2019-12-23 20:32:55,104 INFO success: student_corner.send_email_on_offer_published_00 entered RUNNING state, process has stayed up for > than 1 seconds (startsecs)
2019-12-23 20:32:56,262 INFO exited: student_corner.send_email_on_offer_published_00 (exit status 0; not expected)
2019-12-23 20:32:57,266 INFO spawned: 'student_corner.send_email_on_offer_published_00' with pid 98
2019-12-23 20:32:58,273 INFO success: student_corner.send_email_on_offer_published_00 entered RUNNING state, process has stayed up for > than 1 seconds (startsecs)
2019-12-23 20:32:58,327 INFO exited: student_corner.send_email_on_offer_published_00 (exit status 0; not expected)
2019-12-23 20:32:59,331 INFO spawned: 'student_corner.send_email_on_offer_published_00' with pid 105
2019-12-23 20:32:59,938 INFO exited: student_corner.send_email_on_offer_published_00 (exit status 0; not expected)
2019-12-23 20:33:00,945 INFO spawned: 'student_corner.send_email_on_offer_published_00' with pid 112
2019-12-23 20:33:01,951 INFO success: student_corner.send_email_on_offer_published_00 entered RUNNING state, process has stayed up for > than 1 seconds (startsecs)
2019-12-23 20:33:01,984 INFO exited: student_corner.send_email_on_offer_published_00 (exit status 0; not expected)
2019-12-23 20:33:02,988 INFO spawned: 'student_corner.send_email_on_offer_published_00' with pid 119
2019-12-23 20:33:03,665 INFO exited: student_corner.send_email_on_offer_published_00 (exit status 0; not expected)
2019-12-23 20:33:04,670 INFO spawned: 'student_corner.send_email_on_offer_published_00' with pid 126
2019-12-23 20:33:05,467 INFO exited: student_corner.send_email_on_offer_published_00 (exit status 0; not expected)
2019-12-23 20:33:07,474 INFO spawned: 'student_corner.send_email_on_offer_published_00' with pid 133
2019-12-23 20:33:08,272 INFO exited: student_corner.send_email_on_offer_published_00 (exit status 0; not expected)
2019-12-23 20:33:11,280 INFO spawned: 'student_corner.send_email_on_offer_published_00' with pid 140
2019-12-23 20:33:12,270 INFO exited: student_corner.send_email_on_offer_published_00 (exit status 0; not expected)
2019-12-23 20:33:16,284 INFO spawned: 'student_corner.send_email_on_offer_published_00' with pid 147
2019-12-23 20:33:17,287 INFO success: student_corner.send_email_on_offer_published_00 entered RUNNING state, process has stayed up for > than 1 seconds (startsecs)
2019-12-23 20:33:19,488 INFO exited: student_corner.send_email_on_offer_published_00 (exit status 0; not expected)
2019-12-23 20:33:20,491 INFO spawned: 'student_corner.send_email_on_offer_published_00' with pid 154
2019-12-23 20:33:21,494 INFO success: student_corner.send_email_on_offer_published_00 entered RUNNING state, process has stayed up for > than 1 seconds (startsecs)
2019-12-23 20:33:23,061 INFO exited: student_corner.send_email_on_offer_published_00 (exit status 0; not expected)
2019-12-23 20:33:24,066 INFO spawned: 'student_corner.send_email_on_offer_published_00' with pid 161
2019-12-23 20:33:25,068 INFO success: student_corner.send_email_on_offer_published_00 entered RUNNING state, process has stayed up for > than 1 seconds (startsecs)
2019-12-23 20:33:26,603 INFO exited: student_corner.send_email_on_offer_published_00 (exit status 0; not expected)
2019-12-23 20:33:27,607 INFO spawned: 'student_corner.send_email_on_offer_published_00' with pid 168
2019-12-23 20:33:28,611 INFO success: student_corner.send_email_on_offer_published_00 entered RUNNING state, process has stayed up for > than 1 seconds (startsecs)
2019-12-23 20:33:30,181 INFO exited: student_corner.send_email_on_offer_published_00 (exit status 0; not expected)
2019-12-23 20:33:31,187 INFO spawned: 'student_corner.send_email_on_offer_published_00' with pid 175
2019-12-23 20:33:32,189 INFO success: student_corner.send_email_on_offer_published_00 entered RUNNING state, process has stayed up for > than 1 seconds (startsecs)
2019-12-23 20:33:33,965 INFO exited: student_corner.send_email_on_offer_published_00 (exit status 0; not expected)
2019-12-23 20:33:34,974 INFO spawned: 'student_corner.send_email_on_offer_published_00' with pid 182
2019-12-23 20:33:35,979 INFO success: student_corner.send_email_on_offer_published_00 entered RUNNING state, process has stayed up for > than 1 seconds (startsecs)
2019-12-23 20:33:37,412 INFO exited: student_corner.send_email_on_offer_published_00 (exit status 0; not expected)
2019-12-23 20:33:38,420 INFO spawned: 'student_corner.send_email_on_offer_published_00' with pid 189
2019-12-23 20:33:39,425 INFO success: student_corner.send_email_on_offer_published_00 entered RUNNING state, process has stayed up for > than 1 seconds (startsecs)
2019-12-23 20:33:40,903 INFO exited: student_corner.send_email_on_offer_published_00 (exit status 0; not expected)
2019-12-23 20:33:41,909 INFO spawned: 'student_corner.send_email_on_offer_published_00' with pid 196
2019-12-23 20:33:42,913 INFO success: student_corner.send_email_on_offer_published_00 entered RUNNING state, process has stayed up for > than 1 seconds (startsecs)
2019-12-23 20:33:44,336 INFO exited: student_corner.send_email_on_offer_published_00 (exit status 0; not expected)
2019-12-23 20:33:45,343 INFO spawned: 'student_corner.send_email_on_offer_published_00' with pid 203
2019-12-23 20:33:46,347 INFO success: student_corner.send_email_on_offer_published_00 entered RUNNING state, process has stayed up for > than 1 seconds (startsecs)
2019-12-23 20:33:47,949 INFO exited: student_corner.send_email_on_offer_published_00 (exit status 0; not expected)
2019-12-23 20:33:48,955 INFO spawned: 'student_corner.send_email_on_offer_published_00' with pid 210
2019-12-23 20:33:49,957 INFO success: student_corner.send_email_on_offer_published_00 entered RUNNING state, process has stayed up for > than 1 seconds (startsecs)
2019-12-23 20:33:51,765 INFO exited: student_corner.send_email_on_offer_published_00 (exit status 0; not expected)
2019-12-23 20:33:52,771 INFO spawned: 'student_corner.send_email_on_offer_published_00' with pid 217
2019-12-23 20:33:53,773 INFO success: student_corner.send_email_on_offer_published_00 entered RUNNING state, process has stayed up for > than 1 seconds (startsecs)
2019-12-23 20:33:55,225 INFO exited: student_corner.send_email_on_offer_published_00 (exit status 0; not expected)
2019-12-23 20:33:56,229 INFO spawned: 'student_corner.send_email_on_offer_published_00' with pid 224
2019-12-23 20:33:57,233 INFO success: student_corner.send_email_on_offer_published_00 entered RUNNING state, process has stayed up for > than 1 seconds (startsecs)
2019-12-23 20:33:59,051 INFO exited: student_corner.send_email_on_offer_published_00 (exit status 0; not expected)
2019-12-23 20:34:00,055 INFO spawned: 'student_corner.send_email_on_offer_published_00' with pid 231
2019-12-23 20:34:01,059 INFO success: student_corner.send_email_on_offer_published_00 entered RUNNING state, process has stayed up for > than 1 seconds (startsecs)
2019-12-23 20:34:02,621 INFO exited: student_corner.send_email_on_offer_published_00 (exit status 0; not expected)
2019-12-23 20:34:03,627 INFO spawned: 'student_corner.send_email_on_offer_published_00' with pid 238
2019-12-23 20:34:04,631 INFO success: student_corner.send_email_on_offer_published_00 entered RUNNING state, process has stayed up for > than 1 seconds (startsecs)
2019-12-23 20:34:05,332 INFO exited: student_corner.send_email_on_offer_published_00 (exit status 0; not expected)
2019-12-23 20:34:06,345 INFO spawned: 'student_corner.send_email_on_offer_published_00' with pid 245
2019-12-23 20:34:07,356 INFO success: student_corner.send_email_on_offer_published_00 entered RUNNING state, process has stayed up for > than 1 seconds (startsecs)
2019-12-23 20:34:07,463 INFO exited: student_corner.send_email_on_offer_published_00 (exit status 0; not expected)
2019-12-23 20:34:08,470 INFO spawned: 'student_corner.send_email_on_offer_published_00' with pid 252
2019-12-23 20:34:09,428 INFO exited: student_corner.send_email_on_offer_published_00 (exit status 0; not expected)
2019-12-23 20:34:10,434 INFO spawned: 'student_corner.send_email_on_offer_published_00' with pid 259
2019-12-23 20:34:11,439 INFO success: student_corner.send_email_on_offer_published_00 entered RUNNING state, process has stayed up for > than 1 seconds (startsecs)
2019-12-23 20:34:12,896 INFO exited: student_corner.send_email_on_offer_published_00 (exit status 0; not expected)
2019-12-23 20:34:13,900 INFO spawned: 'student_corner.send_email_on_offer_published_00' with pid 266
2019-12-23 20:34:14,904 INFO success: student_corner.send_email_on_offer_published_00 entered RUNNING state, process has stayed up for > than 1 seconds (startsecs)
2019-12-23 20:34:16,341 INFO exited: student_corner.send_email_on_offer_published_00 (exit status 0; not expected)
2019-12-23 20:34:17,349 INFO spawned: 'student_corner.send_email_on_offer_published_00' with pid 273
2019-12-23 20:34:18,354 INFO success: student_corner.send_email_on_offer_published_00 entered RUNNING state, process has stayed up for > than 1 seconds (startsecs)
2019-12-23 20:34:19,815 INFO exited: student_corner.send_email_on_offer_published_00 (exit status 0; not expected)
2019-12-23 20:34:20,822 INFO spawned: 'student_corner.send_email_on_offer_published_00' with pid 280
2019-12-23 20:34:21,835 INFO success: student_corner.send_email_on_offer_published_00 entered RUNNING state, process has stayed up for > than 1 seconds (startsecs)
2019-12-23 20:34:23,382 INFO exited: student_corner.send_email_on_offer_published_00 (exit status 0; not expected)
2019-12-23 20:34:24,388 INFO spawned: 'student_corner.send_email_on_offer_published_00' with pid 287
2019-12-23 20:34:25,394 INFO success: student_corner.send_email_on_offer_published_00 entered RUNNING state, process has stayed up for > than 1 seconds (startsecs)
2019-12-23 20:34:26,857 INFO exited: student_corner.send_email_on_offer_published_00 (exit status 0; not expected)
2019-12-23 20:34:27,864 INFO spawned: 'student_corner.send_email_on_offer_published_00' with pid 294
2019-12-23 20:34:28,874 INFO success: student_corner.send_email_on_offer_published_00 entered RUNNING state, process has stayed up for > than 1 seconds (startsecs)
2019-12-23 20:34:30,371 INFO exited: student_corner.send_email_on_offer_published_00 (exit status 0; not expected)
2019-12-23 20:34:31,378 INFO spawned: 'student_corner.send_email_on_offer_published_00' with pid 301
2019-12-23 20:34:32,383 INFO success: student_corner.send_email_on_offer_published_00 entered RUNNING state, process has stayed up for > than 1 seconds (startsecs)
2019-12-23 20:34:33,825 INFO exited: student_corner.send_email_on_offer_published_00 (exit status 0; not expected)
2019-12-23 20:34:34,832 INFO spawned: 'student_corner.send_email_on_offer_published_00' with pid 308
2019-12-23 20:34:35,837 INFO success: student_corner.send_email_on_offer_published_00 entered RUNNING state, process has stayed up for > than 1 seconds (startsecs)
2019-12-23 20:34:37,299 INFO exited: student_corner.send_email_on_offer_published_00 (exit status 0; not expected)
2019-12-23 20:34:38,306 INFO spawned: 'student_corner.send_email_on_offer_published_00' with pid 315
2019-12-23 20:34:39,311 INFO success: student_corner.send_email_on_offer_published_00 entered RUNNING state, process has stayed up for > than 1 seconds (startsecs)
2019-12-23 20:34:40,736 INFO exited: student_corner.send_email_on_offer_published_00 (exit status 0; not expected)
2019-12-23 20:34:41,743 INFO spawned: 'student_corner.send_email_on_offer_published_00' with pid 322
2019-12-23 20:34:42,753 INFO success: student_corner.send_email_on_offer_published_00 entered RUNNING state, process has stayed up for > than 1 seconds (startsecs)
2019-12-23 20:34:44,188 INFO exited: student_corner.send_email_on_offer_published_00 (exit status 0; not expected)
2019-12-23 20:34:45,197 INFO spawned: 'student_corner.send_email_on_offer_published_00' with pid 329
2019-12-23 20:34:46,201 INFO success: student_corner.send_email_on_offer_published_00 entered RUNNING state, process has stayed up for > than 1 seconds (startsecs)
2019-12-23 20:34:47,634 INFO exited: student_corner.send_email_on_offer_published_00 (exit status 0; not expected)
2019-12-23 20:34:48,641 INFO spawned: 'student_corner.send_email_on_offer_published_00' with pid 336
2019-12-23 20:34:49,646 INFO success: student_corner.send_email_on_offer_published_00 entered RUNNING state, process has stayed up for > than 1 seconds (startsecs)
2019-12-23 20:34:51,143 INFO exited: student_corner.send_email_on_offer_published_00 (exit status 0; not expected)
2019-12-23 20:34:52,152 INFO spawned: 'student_corner.send_email_on_offer_published_00' with pid 343
2019-12-23 20:34:53,161 INFO success: student_corner.send_email_on_offer_published_00 entered RUNNING state, process has stayed up for > than 1 seconds (startsecs)
2019-12-23 20:34:54,632 INFO exited: student_corner.send_email_on_offer_published_00 (exit status 0; not expected)
2019-12-23 20:34:55,638 INFO spawned: 'student_corner.send_email_on_offer_published_00' with pid 350
2019-12-23 20:34:56,645 INFO success: student_corner.send_email_on_offer_published_00 entered RUNNING state, process has stayed up for > than 1 seconds (startsecs)
2019-12-23 20:34:58,103 INFO exited: student_corner.send_email_on_offer_published_00 (exit status 0; not expected)
2019-12-23 20:34:59,111 INFO spawned: 'student_corner.send_email_on_offer_published_00' with pid 357
2019-12-23 20:35:00,119 INFO success: student_corner.send_email_on_offer_published_00 entered RUNNING state, process has stayed up for > than 1 seconds (startsecs)
2019-12-23 20:35:01,528 INFO exited: student_corner.send_email_on_offer_published_00 (exit status 0; not expected)
2019-12-23 20:35:02,535 INFO spawned: 'student_corner.send_email_on_offer_published_00' with pid 364
2019-12-23 20:35:03,540 INFO success: student_corner.send_email_on_offer_published_00 entered RUNNING state, process has stayed up for > than 1 seconds (startsecs)
2019-12-23 20:35:05,000 INFO exited: student_corner.send_email_on_offer_published_00 (exit status 0; not expected)
2019-12-23 20:35:06,009 INFO spawned: 'student_corner.send_email_on_offer_published_00' with pid 371
2019-12-23 20:35:07,013 INFO success: student_corner.send_email_on_offer_published_00 entered RUNNING state, process has stayed up for > than 1 seconds (startsecs)
2019-12-23 20:35:08,460 INFO exited: student_corner.send_email_on_offer_published_00 (exit status 0; not expected)
2019-12-23 20:35:09,468 INFO spawned: 'student_corner.send_email_on_offer_published_00' with pid 378
2019-12-23 20:35:10,473 INFO success: student_corner.send_email_on_offer_published_00 entered RUNNING state, process has stayed up for > than 1 seconds (startsecs)
2019-12-23 20:35:11,912 INFO exited: student_corner.send_email_on_offer_published_00 (exit status 0; not expected)
2019-12-23 20:35:12,919 INFO spawned: 'student_corner.send_email_on_offer_published_00' with pid 385
2019-12-23 20:35:13,927 INFO success: student_corner.send_email_on_offer_published_00 entered RUNNING state, process has stayed up for > than 1 seconds (startsecs)
2019-12-23 20:35:15,637 INFO exited: student_corner.send_email_on_offer_published_00 (exit status 0; not expected)
2019-12-23 20:35:16,645 INFO spawned: 'student_corner.send_email_on_offer_published_00' with pid 392
2019-12-23 20:35:17,649 INFO success: student_corner.send_email_on_offer_published_00 entered RUNNING state, process has stayed up for > than 1 seconds (startsecs)
2019-12-23 20:35:19,149 INFO exited: student_corner.send_email_on_offer_published_00 (exit status 0; not expected)
2019-12-23 20:35:20,156 INFO spawned: 'student_corner.send_email_on_offer_published_00' with pid 399
2019-12-23 20:35:21,161 INFO success: student_corner.send_email_on_offer_published_00 entered RUNNING state, process has stayed up for > than 1 seconds (startsecs)
2019-12-23 20:35:22,596 INFO exited: student_corner.send_email_on_offer_published_00 (exit status 0; not expected)
2019-12-23 20:35:23,601 INFO spawned: 'student_corner.send_email_on_offer_published_00' with pid 406
2019-12-23 20:35:24,605 INFO success: student_corner.send_email_on_offer_published_00 entered RUNNING state, process has stayed up for > than 1 seconds (startsecs)
2019-12-23 20:35:26,395 INFO exited: student_corner.send_email_on_offer_published_00 (exit status 0; not expected)
2019-12-23 20:35:27,399 INFO spawned: 'student_corner.send_email_on_offer_published_00' with pid 413
2019-12-23 20:35:28,402 INFO success: student_corner.send_email_on_offer_published_00 entered RUNNING state, process has stayed up for > than 1 seconds (startsecs)
2019-12-23 20:35:29,967 INFO exited: student_corner.send_email_on_offer_published_00 (exit status 0; not expected)
2019-12-23 20:35:30,974 INFO spawned: 'student_corner.send_email_on_offer_published_00' with pid 420
2019-12-23 20:35:31,979 INFO success: student_corner.send_email_on_offer_published_00 entered RUNNING state, process has stayed up for > than 1 seconds (startsecs)
2019-12-23 20:35:33,566 INFO exited: student_corner.send_email_on_offer_published_00 (exit status 0; not expected)
2019-12-23 20:35:34,574 INFO spawned: 'student_corner.send_email_on_offer_published_00' with pid 427
2019-12-23 20:35:35,578 INFO success: student_corner.send_email_on_offer_published_00 entered RUNNING state, process has stayed up for > than 1 seconds (startsecs)
2019-12-23 20:35:37,138 INFO exited: student_corner.send_email_on_offer_published_00 (exit status 0; not expected)
2019-12-23 20:35:38,146 INFO spawned: 'student_corner.send_email_on_offer_published_00' with pid 434
2019-12-23 20:35:39,150 INFO success: student_corner.send_email_on_offer_published_00 entered RUNNING state, process has stayed up for > than 1 seconds (startsecs)
2019-12-23 20:35:40,685 INFO exited: student_corner.send_email_on_offer_published_00 (exit status 0; not expected)
2019-12-23 20:35:41,691 INFO spawned: 'student_corner.send_email_on_offer_published_00' with pid 441
2019-12-23 20:35:42,697 INFO success: student_corner.send_email_on_offer_published_00 entered RUNNING state, process has stayed up for > than 1 seconds (startsecs)
2019-12-23 20:35:44,345 INFO exited: student_corner.send_email_on_offer_published_00 (exit status 0; not expected)
2019-12-23 20:35:45,351 INFO spawned: 'student_corner.send_email_on_offer_published_00' with pid 448
2019-12-23 20:35:46,355 INFO success: student_corner.send_email_on_offer_published_00 entered RUNNING state, process has stayed up for > than 1 seconds (startsecs)
2019-12-23 20:35:47,825 INFO exited: student_corner.send_email_on_offer_published_00 (exit status 0; not expected)
2019-12-23 20:35:48,829 INFO spawned: 'student_corner.send_email_on_offer_published_00' with pid 455
2019-12-23 20:35:49,833 INFO success: student_corner.send_email_on_offer_published_00 entered RUNNING state, process has stayed up for > than 1 seconds (startsecs)
2019-12-23 20:35:51,424 INFO exited: student_corner.send_email_on_offer_published_00 (exit status 0; not expected)
2019-12-23 20:35:52,430 INFO spawned: 'student_corner.send_email_on_offer_published_00' with pid 462
2019-12-23 20:35:53,433 INFO success: student_corner.send_email_on_offer_published_00 entered RUNNING state, process has stayed up for > than 1 seconds (startsecs)
2019-12-23 20:35:55,012 INFO exited: student_corner.send_email_on_offer_published_00 (exit status 0; not expected)
2019-12-23 20:35:56,018 INFO spawned: 'student_corner.send_email_on_offer_published_00' with pid 469
2019-12-23 20:35:57,024 INFO success: student_corner.send_email_on_offer_published_00 entered RUNNING state, process has stayed up for > than 1 seconds (startsecs)
2019-12-23 20:35:58,446 INFO exited: student_corner.send_email_on_offer_published_00 (exit status 0; not expected)
2019-12-23 20:35:59,450 INFO spawned: 'student_corner.send_email_on_offer_published_00' with pid 476
2019-12-23 20:36:00,453 INFO success: student_corner.send_email_on_offer_published_00 entered RUNNING state, process has stayed up for > than 1 seconds (startsecs)
2019-12-23 20:36:01,921 INFO exited: student_corner.send_email_on_offer_published_00 (exit status 0; not expected)
2019-12-23 20:36:02,927 INFO spawned: 'student_corner.send_email_on_offer_published_00' with pid 483
2019-12-23 20:36:03,947 INFO success: student_corner.send_email_on_offer_published_00 entered RUNNING state, process has stayed up for > than 1 seconds (startsecs)
2019-12-23 20:36:05,594 INFO exited: student_corner.send_email_on_offer_published_00 (exit status 0; not expected)
2019-12-23 20:36:06,600 INFO spawned: 'student_corner.send_email_on_offer_published_00' with pid 490
2019-12-23 20:36:07,603 INFO success: student_corner.send_email_on_offer_published_00 entered RUNNING state, process has stayed up for > than 1 seconds (startsecs)
2019-12-23 20:36:09,280 INFO exited: student_corner.send_email_on_offer_published_00 (exit status 0; not expected)
2019-12-23 20:36:10,288 INFO spawned: 'student_corner.send_email_on_offer_published_00' with pid 497
2019-12-23 20:36:11,292 INFO success: student_corner.send_email_on_offer_published_00 entered RUNNING state, process has stayed up for > than 1 seconds (startsecs)
2019-12-23 20:36:12,724 INFO exited: student_corner.send_email_on_offer_published_00 (exit status 0; not expected)
2019-12-23 20:36:13,731 INFO spawned: 'student_corner.send_email_on_offer_published_00' with pid 504
2019-12-23 20:36:14,734 INFO success: student_corner.send_email_on_offer_published_00 entered RUNNING state, process has stayed up for > than 1 seconds (startsecs)
2019-12-23 20:36:16,254 INFO exited: student_corner.send_email_on_offer_published_00 (exit status 0; not expected)
2019-12-23 20:36:17,258 INFO spawned: 'student_corner.send_email_on_offer_published_00' with pid 511
2019-12-23 20:36:18,260 INFO success: student_corner.send_email_on_offer_published_00 entered RUNNING state, process has stayed up for > than 1 seconds (startsecs)
2019-12-23 20:36:20,083 INFO exited: student_corner.send_email_on_offer_published_00 (exit status 0; not expected)
2019-12-23 20:36:21,090 INFO spawned: 'student_corner.send_email_on_offer_published_00' with pid 518
2019-12-23 20:36:22,095 INFO success: student_corner.send_email_on_offer_published_00 entered RUNNING state, process has stayed up for > than 1 seconds (startsecs)
2019-12-23 20:36:22,361 INFO exited: student_corner.send_email_on_offer_published_00 (exit status 0; not expected)
2019-12-23 20:36:23,368 INFO spawned: 'student_corner.send_email_on_offer_published_00' with pid 525
2019-12-23 20:36:24,185 INFO exited: student_corner.send_email_on_offer_published_00 (exit status 0; not expected)
2019-12-23 20:36:25,193 INFO spawned: 'student_corner.send_email_on_offer_published_00' with pid 532
2019-12-23 20:36:26,197 INFO success: student_corner.send_email_on_offer_published_00 entered RUNNING state, process has stayed up for > than 1 seconds (startsecs)
2019-12-23 20:36:27,723 INFO exited: student_corner.send_email_on_offer_published_00 (exit status 0; not expected)
2019-12-23 20:36:28,732 INFO spawned: 'student_corner.send_email_on_offer_published_00' with pid 539
2019-12-23 20:36:29,736 INFO success: student_corner.send_email_on_offer_published_00 entered RUNNING state, process has stayed up for > than 1 seconds (startsecs)
2019-12-23 20:36:31,231 INFO exited: student_corner.send_email_on_offer_published_00 (exit status 0; not expected)
2019-12-23 20:36:32,240 INFO spawned: 'student_corner.send_email_on_offer_published_00' with pid 546
2019-12-23 20:36:33,244 INFO success: student_corner.send_email_on_offer_published_00 entered RUNNING state, process has stayed up for > than 1 seconds (startsecs)
2019-12-23 20:36:34,687 INFO exited: student_corner.send_email_on_offer_published_00 (exit status 0; not expected)
2019-12-23 20:36:35,694 INFO spawned: 'student_corner.send_email_on_offer_published_00' with pid 553
2019-12-23 20:36:36,700 INFO success: student_corner.send_email_on_offer_published_00 entered RUNNING state, process has stayed up for > than 1 seconds (startsecs)
2019-12-23 20:36:38,160 INFO exited: student_corner.send_email_on_offer_published_00 (exit status 0; not expected)
2019-12-23 20:36:39,168 INFO spawned: 'student_corner.send_email_on_offer_published_00' with pid 560
2019-12-23 20:36:40,173 INFO success: student_corner.send_email_on_offer_published_00 entered RUNNING state, process has stayed up for > than 1 seconds (startsecs)
2019-12-23 20:36:41,789 INFO exited: student_corner.send_email_on_offer_published_00 (exit status 0; not expected)
2019-12-23 20:36:42,796 INFO spawned: 'student_corner.send_email_on_offer_published_00' with pid 567
2019-12-23 20:36:43,802 INFO success: student_corner.send_email_on_offer_published_00 entered RUNNING state, process has stayed up for > than 1 seconds (startsecs)
2019-12-23 20:36:45,316 INFO exited: student_corner.send_email_on_offer_published_00 (exit status 0; not expected)
2019-12-23 20:36:46,324 INFO spawned: 'student_corner.send_email_on_offer_published_00' with pid 574
2019-12-23 20:36:47,329 INFO success: student_corner.send_email_on_offer_published_00 entered RUNNING state, process has stayed up for > than 1 seconds (startsecs)
2019-12-23 20:36:48,874 INFO exited: student_corner.send_email_on_offer_published_00 (exit status 0; not expected)
2019-12-23 20:36:49,881 INFO spawned: 'student_corner.send_email_on_offer_published_00' with pid 581
2019-12-23 20:36:50,886 INFO success: student_corner.send_email_on_offer_published_00 entered RUNNING state, process has stayed up for > than 1 seconds (startsecs)
2019-12-23 20:36:52,376 INFO exited: student_corner.send_email_on_offer_published_00 (exit status 0; not expected)
2019-12-23 20:36:53,382 INFO spawned: 'student_corner.send_email_on_offer_published_00' with pid 588
2019-12-23 20:36:54,387 INFO success: student_corner.send_email_on_offer_published_00 entered RUNNING state, process has stayed up for > than 1 seconds (startsecs)
2019-12-23 20:36:55,958 INFO exited: student_corner.send_email_on_offer_published_00 (exit status 0; not expected)
2019-12-23 20:36:56,964 INFO spawned: 'student_corner.send_email_on_offer_published_00' with pid 595
2019-12-23 20:36:57,971 INFO success: student_corner.send_email_on_offer_published_00 entered RUNNING state, process has stayed up for > than 1 seconds (startsecs)
2019-12-23 20:36:59,672 INFO exited: student_corner.send_email_on_offer_published_00 (exit status 0; not expected)
2019-12-23 20:37:00,678 INFO spawned: 'student_corner.send_email_on_offer_published_00' with pid 602
2019-12-23 20:37:01,682 INFO success: student_corner.send_email_on_offer_published_00 entered RUNNING state, process has stayed up for > than 1 seconds (startsecs)
2019-12-23 20:37:03,295 INFO exited: student_corner.send_email_on_offer_published_00 (exit status 0; not expected)
2019-12-23 20:37:04,300 INFO spawned: 'student_corner.send_email_on_offer_published_00' with pid 609
2019-12-23 20:37:05,306 INFO success: student_corner.send_email_on_offer_published_00 entered RUNNING state, process has stayed up for > than 1 seconds (startsecs)
2019-12-23 20:37:06,764 INFO exited: student_corner.send_email_on_offer_published_00 (exit status 0; not expected)
2019-12-23 20:37:07,771 INFO spawned: 'student_corner.send_email_on_offer_published_00' with pid 616
2019-12-23 20:37:08,775 INFO success: student_corner.send_email_on_offer_published_00 entered RUNNING state, process has stayed up for > than 1 seconds (startsecs)
2019-12-23 20:37:10,276 INFO exited: student_corner.send_email_on_offer_published_00 (exit status 0; not expected)
2019-12-23 20:37:11,282 INFO spawned: 'student_corner.send_email_on_offer_published_00' with pid 623
2019-12-23 20:37:12,287 INFO success: student_corner.send_email_on_offer_published_00 entered RUNNING state, process has stayed up for > than 1 seconds (startsecs)
2019-12-23 20:37:13,710 INFO exited: student_corner.send_email_on_offer_published_00 (exit status 0; not expected)
2019-12-23 20:37:14,716 INFO spawned: 'student_corner.send_email_on_offer_published_00' with pid 630
2019-12-23 20:37:15,722 INFO success: student_corner.send_email_on_offer_published_00 entered RUNNING state, process has stayed up for > than 1 seconds (startsecs)
2019-12-23 20:37:17,188 INFO exited: student_corner.send_email_on_offer_published_00 (exit status 0; not expected)
2019-12-23 20:37:18,196 INFO spawned: 'student_corner.send_email_on_offer_published_00' with pid 637
2019-12-23 20:37:19,199 INFO success: student_corner.send_email_on_offer_published_00 entered RUNNING state, process has stayed up for > than 1 seconds (startsecs)
2019-12-23 20:37:20,661 INFO exited: student_corner.send_email_on_offer_published_00 (exit status 0; not expected)
2019-12-23 20:37:21,672 INFO spawned: 'student_corner.send_email_on_offer_published_00' with pid 644
2019-12-23 20:37:22,677 INFO success: student_corner.send_email_on_offer_published_00 entered RUNNING state, process has stayed up for > than 1 seconds (startsecs)
2019-12-23 20:37:24,132 INFO exited: student_corner.send_email_on_offer_published_00 (exit status 0; not expected)
2019-12-23 20:37:25,138 INFO spawned: 'student_corner.send_email_on_offer_published_00' with pid 651
2019-12-23 20:37:26,144 INFO success: student_corner.send_email_on_offer_published_00 entered RUNNING state, process has stayed up for > than 1 seconds (startsecs)
2019-12-23 20:37:27,520 INFO exited: student_corner.send_email_on_offer_published_00 (exit status 0; not expected)
2019-12-23 20:37:28,529 INFO spawned: 'student_corner.send_email_on_offer_published_00' with pid 658
2019-12-23 20:37:29,533 INFO success: student_corner.send_email_on_offer_published_00 entered RUNNING state, process has stayed up for > than 1 seconds (startsecs)
2019-12-23 20:37:31,046 INFO exited: student_corner.send_email_on_offer_published_00 (exit status 0; not expected)
2019-12-23 20:37:32,050 INFO spawned: 'student_corner.send_email_on_offer_published_00' with pid 665
2019-12-23 20:37:33,053 INFO success: student_corner.send_email_on_offer_published_00 entered RUNNING state, process has stayed up for > than 1 seconds (startsecs)
2019-12-23 20:37:34,654 INFO exited: student_corner.send_email_on_offer_published_00 (exit status 0; not expected)
2019-12-23 20:37:35,662 INFO spawned: 'student_corner.send_email_on_offer_published_00' with pid 672
2019-12-23 20:37:36,668 INFO success: student_corner.send_email_on_offer_published_00 entered RUNNING state, process has stayed up for > than 1 seconds (startsecs)
2019-12-23 20:37:38,262 INFO exited: student_corner.send_email_on_offer_published_00 (exit status 0; not expected)
2019-12-23 20:37:39,272 INFO spawned: 'student_corner.send_email_on_offer_published_00' with pid 679
2019-12-23 20:37:40,277 INFO success: student_corner.send_email_on_offer_published_00 entered RUNNING state, process has stayed up for > than 1 seconds (startsecs)
2019-12-23 20:37:41,705 INFO exited: student_corner.send_email_on_offer_published_00 (exit status 0; not expected)
2019-12-23 20:37:42,716 INFO spawned: 'student_corner.send_email_on_offer_published_00' with pid 686
2019-12-23 20:37:43,721 INFO success: student_corner.send_email_on_offer_published_00 entered RUNNING state, process has stayed up for > than 1 seconds (startsecs)
2019-12-23 20:37:45,234 INFO exited: student_corner.send_email_on_offer_published_00 (exit status 0; not expected)
2019-12-23 20:37:46,240 INFO spawned: 'student_corner.send_email_on_offer_published_00' with pid 693
2019-12-23 20:37:47,245 INFO success: student_corner.send_email_on_offer_published_00 entered RUNNING state, process has stayed up for > than 1 seconds (startsecs)
2019-12-23 20:37:48,744 INFO exited: student_corner.send_email_on_offer_published_00 (exit status 0; not expected)
2019-12-23 20:37:49,762 INFO spawned: 'student_corner.send_email_on_offer_published_00' with pid 700
2019-12-23 20:37:50,768 INFO success: student_corner.send_email_on_offer_published_00 entered RUNNING state, process has stayed up for > than 1 seconds (startsecs)
2019-12-23 20:37:52,456 INFO exited: student_corner.send_email_on_offer_published_00 (exit status 0; not expected)
2019-12-23 20:37:53,464 INFO spawned: 'student_corner.send_email_on_offer_published_00' with pid 707
2019-12-23 20:37:54,468 INFO success: student_corner.send_email_on_offer_published_00 entered RUNNING state, process has stayed up for > than 1 seconds (startsecs)
2019-12-23 20:37:55,923 INFO exited: student_corner.send_email_on_offer_published_00 (exit status 0; not expected)
2019-12-23 20:37:56,931 INFO spawned: 'student_corner.send_email_on_offer_published_00' with pid 714
2019-12-23 20:37:57,935 INFO success: student_corner.send_email_on_offer_published_00 entered RUNNING state, process has stayed up for > than 1 seconds (startsecs)
2019-12-23 20:37:59,458 INFO exited: student_corner.send_email_on_offer_published_00 (exit status 0; not expected)
2019-12-23 20:38:00,463 INFO spawned: 'student_corner.send_email_on_offer_published_00' with pid 721
2019-12-23 20:38:01,470 INFO success: student_corner.send_email_on_offer_published_00 entered RUNNING state, process has stayed up for > than 1 seconds (startsecs)
2019-12-23 20:38:03,071 INFO exited: student_corner.send_email_on_offer_published_00 (exit status 0; not expected)
2019-12-23 20:38:04,085 INFO spawned: 'student_corner.send_email_on_offer_published_00' with pid 728
2019-12-23 20:38:05,089 INFO success: student_corner.send_email_on_offer_published_00 entered RUNNING state, process has stayed up for > than 1 seconds (startsecs)
2019-12-23 20:38:06,691 INFO exited: student_corner.send_email_on_offer_published_00 (exit status 0; not expected)
2019-12-23 20:38:07,697 INFO spawned: 'student_corner.send_email_on_offer_published_00' with pid 735
2019-12-23 20:38:08,702 INFO success: student_corner.send_email_on_offer_published_00 entered RUNNING state, process has stayed up for > than 1 seconds (startsecs)
2019-12-23 20:38:10,136 INFO exited: student_corner.send_email_on_offer_published_00 (exit status 0; not expected)
2019-12-23 20:38:11,143 INFO spawned: 'student_corner.send_email_on_offer_published_00' with pid 742
2019-12-23 20:38:12,151 INFO success: student_corner.send_email_on_offer_published_00 entered RUNNING state, process has stayed up for > than 1 seconds (startsecs)
2019-12-23 20:38:13,627 INFO exited: student_corner.send_email_on_offer_published_00 (exit status 0; not expected)
2019-12-23 20:38:14,634 INFO spawned: 'student_corner.send_email_on_offer_published_00' with pid 749
2019-12-23 20:38:15,639 INFO success: student_corner.send_email_on_offer_published_00 entered RUNNING state, process has stayed up for > than 1 seconds (startsecs)
2019-12-23 20:38:17,155 INFO exited: student_corner.send_email_on_offer_published_00 (exit status 0; not expected)
2019-12-23 20:38:18,162 INFO spawned: 'student_corner.send_email_on_offer_published_00' with pid 756
2019-12-23 20:38:19,166 INFO success: student_corner.send_email_on_offer_published_00 entered RUNNING state, process has stayed up for > than 1 seconds (startsecs)
2019-12-23 20:38:20,670 INFO exited: student_corner.send_email_on_offer_published_00 (exit status 0; not expected)
2019-12-23 20:38:21,677 INFO spawned: 'student_corner.send_email_on_offer_published_00' with pid 763
2019-12-23 20:38:22,688 INFO success: student_corner.send_email_on_offer_published_00 entered RUNNING state, process has stayed up for > than 1 seconds (startsecs)
2019-12-23 20:38:24,339 INFO exited: student_corner.send_email_on_offer_published_00 (exit status 0; not expected)
2019-12-23 20:38:25,345 INFO spawned: 'student_corner.send_email_on_offer_published_00' with pid 770
2019-12-23 20:38:26,351 INFO success: student_corner.send_email_on_offer_published_00 entered RUNNING state, process has stayed up for > than 1 seconds (startsecs)
2019-12-23 20:38:27,862 INFO exited: student_corner.send_email_on_offer_published_00 (exit status 0; not expected)
2019-12-23 20:38:28,868 INFO spawned: 'student_corner.send_email_on_offer_published_00' with pid 777
2019-12-23 20:38:29,876 INFO success: student_corner.send_email_on_offer_published_00 entered RUNNING state, process has stayed up for > than 1 seconds (startsecs)
2019-12-23 20:38:31,406 INFO exited: student_corner.send_email_on_offer_published_00 (exit status 0; not expected)
2019-12-23 20:38:32,412 INFO spawned: 'student_corner.send_email_on_offer_published_00' with pid 784
2019-12-23 20:38:33,418 INFO success: student_corner.send_email_on_offer_published_00 entered RUNNING state, process has stayed up for > than 1 seconds (startsecs)
2019-12-23 20:38:35,177 INFO exited: student_corner.send_email_on_offer_published_00 (exit status 0; not expected)
2019-12-23 20:38:36,186 INFO spawned: 'student_corner.send_email_on_offer_published_00' with pid 791
2019-12-23 20:38:37,204 INFO success: student_corner.send_email_on_offer_published_00 entered RUNNING state, process has stayed up for > than 1 seconds (startsecs)
2019-12-23 20:38:38,710 INFO exited: student_corner.send_email_on_offer_published_00 (exit status 0; not expected)
2019-12-23 20:38:39,719 INFO spawned: 'student_corner.send_email_on_offer_published_00' with pid 798
2019-12-23 20:38:40,731 INFO success: student_corner.send_email_on_offer_published_00 entered RUNNING state, process has stayed up for > than 1 seconds (startsecs)
2019-12-23 20:38:42,148 INFO exited: student_corner.send_email_on_offer_published_00 (exit status 0; not expected)
2019-12-23 20:38:43,154 INFO spawned: 'student_corner.send_email_on_offer_published_00' with pid 805
2019-12-23 20:38:44,158 INFO success: student_corner.send_email_on_offer_published_00 entered RUNNING state, process has stayed up for > than 1 seconds (startsecs)
2019-12-23 20:38:45,526 INFO exited: student_corner.send_email_on_offer_published_00 (exit status 0; not expected)
2019-12-23 20:38:46,534 INFO spawned: 'student_corner.send_email_on_offer_published_00' with pid 812
2019-12-23 20:38:47,538 INFO success: student_corner.send_email_on_offer_published_00 entered RUNNING state, process has stayed up for > than 1 seconds (startsecs)
2019-12-23 20:38:48,952 INFO exited: student_corner.send_email_on_offer_published_00 (exit status 0; not expected)
2019-12-23 20:38:49,959 INFO spawned: 'student_corner.send_email_on_offer_published_00' with pid 819
2019-12-23 20:38:50,965 INFO success: student_corner.send_email_on_offer_published_00 entered RUNNING state, process has stayed up for > than 1 seconds (startsecs)
2019-12-23 20:38:52,364 INFO exited: student_corner.send_email_on_offer_published_00 (exit status 0; not expected)
2019-12-23 20:38:53,371 INFO spawned: 'student_corner.send_email_on_offer_published_00' with pid 826
2019-12-23 20:38:54,377 INFO success: student_corner.send_email_on_offer_published_00 entered RUNNING state, process has stayed up for > than 1 seconds (startsecs)
2019-12-23 20:38:55,788 INFO exited: student_corner.send_email_on_offer_published_00 (exit status 0; not expected)
2019-12-23 20:38:56,427 INFO spawned: 'student_corner.send_email_on_offer_published_00' with pid 833
2019-12-23 20:38:57,453 INFO success: student_corner.send_email_on_offer_published_00 entered RUNNING state, process has stayed up for > than 1 seconds (startsecs)
2019-12-23 20:38:59,257 INFO exited: student_corner.send_email_on_offer_published_00 (exit status 0; not expected)
2019-12-23 20:39:00,268 INFO spawned: 'student_corner.send_email_on_offer_published_00' with pid 840
2019-12-23 20:39:01,273 INFO success: student_corner.send_email_on_offer_published_00 entered RUNNING state, process has stayed up for > than 1 seconds (startsecs)
2019-12-23 20:39:02,721 INFO exited: student_corner.send_email_on_offer_published_00 (exit status 0; not expected)
2019-12-23 20:39:03,729 INFO spawned: 'student_corner.send_email_on_offer_published_00' with pid 847
2019-12-23 20:39:04,733 INFO success: student_corner.send_email_on_offer_published_00 entered RUNNING state, process has stayed up for > than 1 seconds (startsecs)
2019-12-23 20:39:06,789 INFO exited: student_corner.send_email_on_offer_published_00 (exit status 0; not expected)
2019-12-23 20:39:07,793 INFO spawned: 'student_corner.send_email_on_offer_published_00' with pid 854
2019-12-23 20:39:08,796 INFO success: student_corner.send_email_on_offer_published_00 entered RUNNING state, process has stayed up for > than 1 seconds (startsecs)
2019-12-23 20:39:10,229 INFO exited: student_corner.send_email_on_offer_published_00 (exit status 0; not expected)
2019-12-23 20:39:11,233 INFO spawned: 'student_corner.send_email_on_offer_published_00' with pid 861
2019-12-23 20:39:12,236 INFO success: student_corner.send_email_on_offer_published_00 entered RUNNING state, process has stayed up for > than 1 seconds (startsecs)
2019-12-23 20:39:13,910 INFO exited: student_corner.send_email_on_offer_published_00 (exit status 0; not expected)
2019-12-23 20:39:14,917 INFO spawned: 'student_corner.send_email_on_offer_published_00' with pid 868
2019-12-23 20:39:15,923 INFO success: student_corner.send_email_on_offer_published_00 entered RUNNING state, process has stayed up for > than 1 seconds (startsecs)
2019-12-23 20:39:17,329 INFO exited: student_corner.send_email_on_offer_published_00 (exit status 0; not expected)
2019-12-23 20:39:18,337 INFO spawned: 'student_corner.send_email_on_offer_published_00' with pid 875
2019-12-23 20:39:19,344 INFO success: student_corner.send_email_on_offer_published_00 entered RUNNING state, process has stayed up for > than 1 seconds (startsecs)
2019-12-23 20:39:20,740 INFO exited: student_corner.send_email_on_offer_published_00 (exit status 0; not expected)
2019-12-23 20:39:21,745 INFO spawned: 'student_corner.send_email_on_offer_published_00' with pid 882
2019-12-23 20:39:22,750 INFO success: student_corner.send_email_on_offer_published_00 entered RUNNING state, process has stayed up for > than 1 seconds (startsecs)
2019-12-23 20:39:24,194 INFO exited: student_corner.send_email_on_offer_published_00 (exit status 0; not expected)
2019-12-23 20:39:25,202 INFO spawned: 'student_corner.send_email_on_offer_published_00' with pid 889
2019-12-23 20:39:26,205 INFO success: student_corner.send_email_on_offer_published_00 entered RUNNING state, process has stayed up for > than 1 seconds (startsecs)
2019-12-23 20:39:27,624 INFO exited: student_corner.send_email_on_offer_published_00 (exit status 0; not expected)
2019-12-23 20:39:28,629 INFO spawned: 'student_corner.send_email_on_offer_published_00' with pid 896
2019-12-23 20:39:29,634 INFO success: student_corner.send_email_on_offer_published_00 entered RUNNING state, process has stayed up for > than 1 seconds (startsecs)
2019-12-23 20:39:31,035 INFO exited: student_corner.send_email_on_offer_published_00 (exit status 0; not expected)
2019-12-23 20:39:32,041 INFO spawned: 'student_corner.send_email_on_offer_published_00' with pid 903
2019-12-23 20:39:33,048 INFO success: student_corner.send_email_on_offer_published_00 entered RUNNING state, process has stayed up for > than 1 seconds (startsecs)
2019-12-23 20:39:34,587 INFO exited: student_corner.send_email_on_offer_published_00 (exit status 0; not expected)
2019-12-23 20:39:35,596 INFO spawned: 'student_corner.send_email_on_offer_published_00' with pid 910
2019-12-23 20:39:36,600 INFO success: student_corner.send_email_on_offer_published_00 entered RUNNING state, process has stayed up for > than 1 seconds (startsecs)
2019-12-23 20:39:38,043 INFO exited: student_corner.send_email_on_offer_published_00 (exit status 0; not expected)
2019-12-23 20:39:39,051 INFO spawned: 'student_corner.send_email_on_offer_published_00' with pid 917
2019-12-23 20:39:40,054 INFO success: student_corner.send_email_on_offer_published_00 entered RUNNING state, process has stayed up for > than 1 seconds (startsecs)
